# JRE version: OpenJDK Runtime Environment Temurin-17.0.13+11 (17.0.13+11) (build 17.0.13+11)
# Java VM: OpenJDK 64-Bit Server VM Temurin-17.0.13+11 (17.0.13+11, mixed mode, tiered, compressed oops, compressed class ptrs, parallel gc, windows-amd64)
GC Precious Log:
 CPUs: 20 total, 20 available
 Memory: 16051M
 Large Page Support: Disabled
 NUMA Support: Disabled
 Compressed Oops: Enabled (32-bit)
 Alignments: Space 512K, Generation 512K, Heap 2M
 Heap Min Capacity: 100M
 Heap Initial Capacity: 100M
 Heap Max Capacity: 1G
 Pre-touch: Disabled
 Parallel Workers: 15
Heap:
 PSYoungGen      total 23040K, used 22675K [0x00000000eab00000, 0x00000000ec980000, 0x0000000100000000)
  eden space 22016K, 98% used [0x00000000eab00000,0x00000000ec02c6a8,0x00000000ec080000)
  from space 1024K, 97% used [0x00000000ec600000,0x00000000ec6f8810,0x00000000ec700000)
  to   space 4608K, 0% used [0x00000000ec080000,0x00000000ec080000,0x00000000ec500000)
 ParOldGen       total 68608K, used 16943K [0x00000000c0000000, 0x00000000c4300000, 0x00000000eab00000)
  object space 68608K, 24% used [0x00000000c0000000,0x00000000c108bd58,0x00000000c4300000)
 Metaspace       used 39737K, committed 40448K, reserved 1114112K
  class space    used 4008K, committed 4288K, reserved 1048576K
GC Heap History (20 events):
Event: 1.353 GC heap before
{Heap before GC invocations=5 (full 1):
 PSYoungGen      total 29696K, used 4086K [0x00000000eab00000, 0x00000000ecc00000, 0x0000000100000000)
  eden space 25600K, 0% used [0x00000000eab00000,0x00000000eab00000,0x00000000ec400000)
  from space 4096K, 99% used [0x00000000ec800000,0x00000000ecbfd8f8,0x00000000ecc00000)
  to   space 4096K, 0% used [0x00000000ec400000,0x00000000ec400000,0x00000000ec800000)
 ParOldGen       total 68608K, used 3325K [0x00000000c0000000, 0x00000000c4300000, 0x00000000eab00000)
  object space 68608K, 4% used [0x00000000c0000000,0x00000000c033f600,0x00000000c4300000)
 Metaspace       used 21110K, committed 21504K, reserved 1114112K
  class space    used 2149K, committed 2304K, reserved 1048576K
}
Event: 1.370 GC heap after
{Heap after GC invocations=5 (full 1):
 PSYoungGen      total 29696K, used 0K [0x00000000eab00000, 0x00000000ecc00000, 0x0000000100000000)
  eden space 25600K, 0% used [0x00000000eab00000,0x00000000eab00000,0x00000000ec400000)
  from space 4096K, 0% used [0x00000000ec800000,0x00000000ec800000,0x00000000ecc00000)
  to   space 4096K, 0% used [0x00000000ec400000,0x00000000ec400000,0x00000000ec800000)
 ParOldGen       total 68608K, used 7261K [0x00000000c0000000, 0x00000000c4300000, 0x00000000eab00000)
  object space 68608K, 10% used [0x00000000c0000000,0x00000000c0717420,0x00000000c4300000)
 Metaspace       used 21096K, committed 21504K, reserved 1114112K
  class space    used 2146K, committed 2304K, reserved 1048576K
}
Event: 1.675 GC heap before
{Heap before GC invocations=6 (full 1):
 PSYoungGen      total 29696K, used 25600K [0x00000000eab00000, 0x00000000ecc00000, 0x0000000100000000)
  eden space 25600K, 100% used [0x00000000eab00000,0x00000000ec400000,0x00000000ec400000)
  from space 4096K, 0% used [0x00000000ec800000,0x00000000ec800000,0x00000000ecc00000)
  to   space 4096K, 0% used [0x00000000ec400000,0x00000000ec400000,0x00000000ec800000)
 ParOldGen       total 68608K, used 7261K [0x00000000c0000000, 0x00000000c4300000, 0x00000000eab00000)
  object space 68608K, 10% used [0x00000000c0000000,0x00000000c0717420,0x00000000c4300000)
 Metaspace       used 24219K, committed 24768K, reserved 1114112K
  class space    used 2464K, committed 2688K, reserved 1048576K
}
Event: 1.677 GC heap after
{Heap after GC invocations=6 (full 1):
 PSYoungGen      total 27648K, used 2485K [0x00000000eab00000, 0x00000000eca80000, 0x0000000100000000)
  eden space 25088K, 0% used [0x00000000eab00000,0x00000000eab00000,0x00000000ec380000)
  from space 2560K, 97% used [0x00000000ec400000,0x00000000ec66d490,0x00000000ec680000)
  to   space 3584K, 0% used [0x00000000ec700000,0x00000000ec700000,0x00000000eca80000)
 ParOldGen       total 68608K, used 7269K [0x00000000c0000000, 0x00000000c4300000, 0x00000000eab00000)
  object space 68608K, 10% used [0x00000000c0000000,0x00000000c0719420,0x00000000c4300000)
 Metaspace       used 24219K, committed 24768K, reserved 1114112K
  class space    used 2464K, committed 2688K, reserved 1048576K
}
Event: 1.851 GC heap before
{Heap before GC invocations=7 (full 1):
 PSYoungGen      total 27648K, used 27079K [0x00000000eab00000, 0x00000000eca80000, 0x0000000100000000)
  eden space 25088K, 98% used [0x00000000eab00000,0x00000000ec304b58,0x00000000ec380000)
  from space 2560K, 97% used [0x00000000ec400000,0x00000000ec66d490,0x00000000ec680000)
  to   space 3584K, 0% used [0x00000000ec700000,0x00000000ec700000,0x00000000eca80000)
 ParOldGen       total 68608K, used 7269K [0x00000000c0000000, 0x00000000c4300000, 0x00000000eab00000)
  object space 68608K, 10% used [0x00000000c0000000,0x00000000c0719420,0x00000000c4300000)
 Metaspace       used 28304K, committed 28864K, reserved 1114112K
  class space    used 2771K, committed 3008K, reserved 1048576K
}
Event: 1.853 GC heap after
{Heap after GC invocations=7 (full 1):
 PSYoungGen      total 27136K, used 2136K [0x00000000eab00000, 0x00000000ec980000, 0x0000000100000000)
  eden space 24576K, 0% used [0x00000000eab00000,0x00000000eab00000,0x00000000ec300000)
  from space 2560K, 83% used [0x00000000ec700000,0x00000000ec916370,0x00000000ec980000)
  to   space 2560K, 0% used [0x00000000ec480000,0x00000000ec480000,0x00000000ec700000)
 ParOldGen       total 68608K, used 7277K [0x00000000c0000000, 0x00000000c4300000, 0x00000000eab00000)
  object space 68608K, 10% used [0x00000000c0000000,0x00000000c071b420,0x00000000c4300000)
 Metaspace       used 28304K, committed 28864K, reserved 1114112K
  class space    used 2771K, committed 3008K, reserved 1048576K
}
Event: 2.051 GC heap before
{Heap before GC invocations=8 (full 1):
 PSYoungGen      total 27136K, used 26712K [0x00000000eab00000, 0x00000000ec980000, 0x0000000100000000)
  eden space 24576K, 100% used [0x00000000eab00000,0x00000000ec300000,0x00000000ec300000)
  from space 2560K, 83% used [0x00000000ec700000,0x00000000ec916370,0x00000000ec980000)
  to   space 2560K, 0% used [0x00000000ec480000,0x00000000ec480000,0x00000000ec700000)
 ParOldGen       total 68608K, used 7277K [0x00000000c0000000, 0x00000000c4300000, 0x00000000eab00000)
  object space 68608K, 10% used [0x00000000c0000000,0x00000000c071b420,0x00000000c4300000)
 Metaspace       used 30397K, committed 30912K, reserved 1114112K
  class space    used 2941K, committed 3136K, reserved 1048576K
}
Event: 2.053 GC heap after
{Heap after GC invocations=8 (full 1):
 PSYoungGen      total 26624K, used 2547K [0x00000000eab00000, 0x00000000ecb80000, 0x0000000100000000)
  eden space 24064K, 0% used [0x00000000eab00000,0x00000000eab00000,0x00000000ec280000)
  from space 2560K, 99% used [0x00000000ec480000,0x00000000ec6fce48,0x00000000ec700000)
  to   space 4608K, 0% used [0x00000000ec700000,0x00000000ec700000,0x00000000ecb80000)
 ParOldGen       total 68608K, used 8688K [0x00000000c0000000, 0x00000000c4300000, 0x00000000eab00000)
  object space 68608K, 12% used [0x00000000c0000000,0x00000000c087c068,0x00000000c4300000)
 Metaspace       used 30397K, committed 30912K, reserved 1114112K
  class space    used 2941K, committed 3136K, reserved 1048576K
}
Event: 2.286 GC heap before
{Heap before GC invocations=9 (full 1):
 PSYoungGen      total 26624K, used 26611K [0x00000000eab00000, 0x00000000ecb80000, 0x0000000100000000)
  eden space 24064K, 100% used [0x00000000eab00000,0x00000000ec280000,0x00000000ec280000)
  from space 2560K, 99% used [0x00000000ec480000,0x00000000ec6fce48,0x00000000ec700000)
  to   space 4608K, 0% used [0x00000000ec700000,0x00000000ec700000,0x00000000ecb80000)
 ParOldGen       total 68608K, used 8688K [0x00000000c0000000, 0x00000000c4300000, 0x00000000eab00000)
  object space 68608K, 12% used [0x00000000c0000000,0x00000000c087c068,0x00000000c4300000)
 Metaspace       used 34202K, committed 34816K, reserved 1114112K
  class space    used 3384K, committed 3584K, reserved 1048576K
}
Event: 2.288 GC heap after
{Heap after GC invocations=9 (full 1):
 PSYoungGen      total 27648K, used 3839K [0x00000000eab00000, 0x00000000ecb00000, 0x0000000100000000)
  eden space 23552K, 0% used [0x00000000eab00000,0x00000000eab00000,0x00000000ec200000)
  from space 4096K, 93% used [0x00000000ec700000,0x00000000ecabfd48,0x00000000ecb00000)
  to   space 4096K, 0% used [0x00000000ec300000,0x00000000ec300000,0x00000000ec700000)
 ParOldGen       total 68608K, used 8696K [0x00000000c0000000, 0x00000000c4300000, 0x00000000eab00000)
  object space 68608K, 12% used [0x00000000c0000000,0x00000000c087e068,0x00000000c4300000)
 Metaspace       used 34202K, committed 34816K, reserved 1114112K
  class space    used 3384K, committed 3584K, reserved 1048576K
}
Event: 2.344 GC heap before
{Heap before GC invocations=10 (full 1):
 PSYoungGen      total 27648K, used 10228K [0x00000000eab00000, 0x00000000ecb00000, 0x0000000100000000)
  eden space 23552K, 27% used [0x00000000eab00000,0x00000000eb13d2e0,0x00000000ec200000)
  from space 4096K, 93% used [0x00000000ec700000,0x00000000ecabfd48,0x00000000ecb00000)
  to   space 4096K, 0% used [0x00000000ec300000,0x00000000ec300000,0x00000000ec700000)
 ParOldGen       total 68608K, used 8696K [0x00000000c0000000, 0x00000000c4300000, 0x00000000eab00000)
  object space 68608K, 12% used [0x00000000c0000000,0x00000000c087e068,0x00000000c4300000)
 Metaspace       used 35198K, committed 35840K, reserved 1114112K
  class space    used 3507K, committed 3776K, reserved 1048576K
}
Event: 2.346 GC heap after
{Heap after GC invocations=10 (full 1):
 PSYoungGen      total 27136K, used 3097K [0x00000000eab00000, 0x00000000ec900000, 0x0000000100000000)
  eden space 23552K, 0% used [0x00000000eab00000,0x00000000eab00000,0x00000000ec200000)
  from space 3584K, 86% used [0x00000000ec300000,0x00000000ec606528,0x00000000ec680000)
  to   space 2560K, 0% used [0x00000000ec680000,0x00000000ec680000,0x00000000ec900000)
 ParOldGen       total 68608K, used 9640K [0x00000000c0000000, 0x00000000c4300000, 0x00000000eab00000)
  object space 68608K, 14% used [0x00000000c0000000,0x00000000c096a3a0,0x00000000c4300000)
 Metaspace       used 35198K, committed 35840K, reserved 1114112K
  class space    used 3507K, committed 3776K, reserved 1048576K
}
Event: 2.346 GC heap before
{Heap before GC invocations=11 (full 2):
 PSYoungGen      total 27136K, used 3097K [0x00000000eab00000, 0x00000000ec900000, 0x0000000100000000)
  eden space 23552K, 0% used [0x00000000eab00000,0x00000000eab00000,0x00000000ec200000)
  from space 3584K, 86% used [0x00000000ec300000,0x00000000ec606528,0x00000000ec680000)
  to   space 2560K, 0% used [0x00000000ec680000,0x00000000ec680000,0x00000000ec900000)
 ParOldGen       total 68608K, used 9640K [0x00000000c0000000, 0x00000000c4300000, 0x00000000eab00000)
  object space 68608K, 14% used [0x00000000c0000000,0x00000000c096a3a0,0x00000000c4300000)
 Metaspace       used 35198K, committed 35840K, reserved 1114112K
  class space    used 3507K, committed 3776K, reserved 1048576K
}
Event: 2.360 GC heap after
{Heap after GC invocations=11 (full 2):
 PSYoungGen      total 27136K, used 0K [0x00000000eab00000, 0x00000000ec900000, 0x0000000100000000)
  eden space 23552K, 0% used [0x00000000eab00000,0x00000000eab00000,0x00000000ec200000)
  from space 3584K, 0% used [0x00000000ec300000,0x00000000ec300000,0x00000000ec680000)
  to   space 2560K, 0% used [0x00000000ec680000,0x00000000ec680000,0x00000000ec900000)
 ParOldGen       total 68608K, used 12322K [0x00000000c0000000, 0x00000000c4300000, 0x00000000eab00000)
  object space 68608K, 17% used [0x00000000c0000000,0x00000000c0c08888,0x00000000c4300000)
 Metaspace       used 35198K, committed 35840K, reserved 1114112K
  class space    used 3507K, committed 3776K, reserved 1048576K
}
Event: 2.646 GC heap before
{Heap before GC invocations=12 (full 2):
 PSYoungGen      total 27136K, used 23552K [0x00000000eab00000, 0x00000000ec900000, 0x0000000100000000)
  eden space 23552K, 100% used [0x00000000eab00000,0x00000000ec200000,0x00000000ec200000)
  from space 3584K, 0% used [0x00000000ec300000,0x00000000ec300000,0x00000000ec680000)
  to   space 2560K, 0% used [0x00000000ec680000,0x00000000ec680000,0x00000000ec900000)
 ParOldGen       total 68608K, used 12322K [0x00000000c0000000, 0x00000000c4300000, 0x00000000eab00000)
  object space 68608K, 17% used [0x00000000c0000000,0x00000000c0c08888,0x00000000c4300000)
 Metaspace       used 38333K, committed 39040K, reserved 1114112K
  class space    used 3824K, committed 4096K, reserved 1048576K
}
Event: 2.647 GC heap after
{Heap after GC invocations=12 (full 2):
 PSYoungGen      total 25088K, used 1811K [0x00000000eab00000, 0x00000000ec880000, 0x0000000100000000)
  eden space 23040K, 0% used [0x00000000eab00000,0x00000000eab00000,0x00000000ec180000)
  from space 2048K, 88% used [0x00000000ec680000,0x00000000ec844eb8,0x00000000ec880000)
  to   space 2560K, 0% used [0x00000000ec380000,0x00000000ec380000,0x00000000ec600000)
 ParOldGen       total 68608K, used 12330K [0x00000000c0000000, 0x00000000c4300000, 0x00000000eab00000)
  object space 68608K, 17% used [0x00000000c0000000,0x00000000c0c0a888,0x00000000c4300000)
 Metaspace       used 38333K, committed 39040K, reserved 1114112K
  class space    used 3824K, committed 4096K, reserved 1048576K
}
Event: 2.766 GC heap before
{Heap before GC invocations=13 (full 2):
 PSYoungGen      total 25088K, used 24851K [0x00000000eab00000, 0x00000000ec880000, 0x0000000100000000)
  eden space 23040K, 100% used [0x00000000eab00000,0x00000000ec180000,0x00000000ec180000)
  from space 2048K, 88% used [0x00000000ec680000,0x00000000ec844eb8,0x00000000ec880000)
  to   space 2560K, 0% used [0x00000000ec380000,0x00000000ec380000,0x00000000ec600000)
 ParOldGen       total 68608K, used 12330K [0x00000000c0000000, 0x00000000c4300000, 0x00000000eab00000)
  object space 68608K, 17% used [0x00000000c0000000,0x00000000c0c0a888,0x00000000c4300000)
 Metaspace       used 39011K, committed 39680K, reserved 1114112K
  class space    used 3917K, committed 4160K, reserved 1048576K
}
Event: 2.769 GC heap after
{Heap after GC invocations=13 (full 2):
 PSYoungGen      total 25088K, used 2240K [0x00000000eab00000, 0x00000000ec700000, 0x0000000100000000)
  eden space 22528K, 0% used [0x00000000eab00000,0x00000000eab00000,0x00000000ec100000)
  from space 2560K, 87% used [0x00000000ec380000,0x00000000ec5b0020,0x00000000ec600000)
  to   space 1024K, 0% used [0x00000000ec600000,0x00000000ec600000,0x00000000ec700000)
 ParOldGen       total 68608K, used 13964K [0x00000000c0000000, 0x00000000c4300000, 0x00000000eab00000)
  object space 68608K, 20% used [0x00000000c0000000,0x00000000c0da3160,0x00000000c4300000)
 Metaspace       used 39011K, committed 39680K, reserved 1114112K
  class space    used 3917K, committed 4160K, reserved 1048576K
}
Event: 2.839 GC heap before
{Heap before GC invocations=14 (full 2):
 PSYoungGen      total 25088K, used 24768K [0x00000000eab00000, 0x00000000ec700000, 0x0000000100000000)
  eden space 22528K, 100% used [0x00000000eab00000,0x00000000ec100000,0x00000000ec100000)
  from space 2560K, 87% used [0x00000000ec380000,0x00000000ec5b0020,0x00000000ec600000)
  to   space 1024K, 0% used [0x00000000ec600000,0x00000000ec600000,0x00000000ec700000)
 ParOldGen       total 68608K, used 13964K [0x00000000c0000000, 0x00000000c4300000, 0x00000000eab00000)
  object space 68608K, 20% used [0x00000000c0000000,0x00000000c0da3160,0x00000000c4300000)
 Metaspace       used 39121K, committed 39808K, reserved 1114112K
  class space    used 3924K, committed 4160K, reserved 1048576K
}
Event: 2.841 GC heap after
{Heap after GC invocations=14 (full 2):
 PSYoungGen      total 23040K, used 994K [0x00000000eab00000, 0x00000000ec980000, 0x0000000100000000)
  eden space 22016K, 0% used [0x00000000eab00000,0x00000000eab00000,0x00000000ec080000)
  from space 1024K, 97% used [0x00000000ec600000,0x00000000ec6f8810,0x00000000ec700000)
  to   space 4608K, 0% used [0x00000000ec080000,0x00000000ec080000,0x00000000ec500000)
 ParOldGen       total 68608K, used 16943K [0x00000000c0000000, 0x00000000c4300000, 0x00000000eab00000)
  object space 68608K, 24% used [0x00000000c0000000,0x00000000c108bd58,0x00000000c4300000)
 Metaspace       used 39121K, committed 39808K, reserved 1114112K
  class space    used 3924K, committed 4160K, reserved 1048576K
}

