# JRE version: OpenJDK Runtime Environment Temurin-17.0.13+11 (17.0.13+11) (build 17.0.13+11)
# Java VM: OpenJDK 64-Bit Server VM Temurin-17.0.13+11 (17.0.13+11, mixed mode, tiered, compressed oops, compressed class ptrs, parallel gc, windows-amd64)
GC Precious Log:
 CPUs: 20 total, 20 available
 Memory: 16051M
 Large Page Support: Disabled
 NUMA Support: Disabled
 Compressed Oops: Enabled (32-bit)
 Alignments: Space 512K, Generation 512K, Heap 2M
 Heap Min Capacity: 100M
 Heap Initial Capacity: 100M
 Heap Max Capacity: 1G
 Pre-touch: Disabled
 Parallel Workers: 15
Heap:
 PSYoungGen      total 53248K, used 31992K [0x00000000eab00000, 0x00000000ef200000, 0x0000000100000000)
  eden space 33792K, 39% used [0x00000000eab00000,0x00000000eb82e508,0x00000000ecc00000)
  from space 19456K, 95% used [0x00000000edf00000,0x00000000ef10fb58,0x00000000ef200000)
  to   space 19456K, 0% used [0x00000000ecc00000,0x00000000ecc00000,0x00000000edf00000)
 ParOldGen       total 471552K, used 336276K [0x00000000c0000000, 0x00000000dcc80000, 0x00000000eab00000)
  object space 471552K, 71% used [0x00000000c0000000,0x00000000d48650a8,0x00000000dcc80000)
 Metaspace       used 70705K, committed 72000K, reserved 1114112K
  class space    used 7226K, committed 7872K, reserved 1048576K
GC Heap History (20 events):
Event: 17.247 GC heap before
{Heap before GC invocations=120 (full 6):
 PSYoungGen      total 35328K, used 34914K [0x00000000eab00000, 0x00000000edb80000, 0x0000000100000000)
  eden space 25600K, 100% used [0x00000000eab00000,0x00000000ec400000,0x00000000ec400000)
  from space 9728K, 95% used [0x00000000ed200000,0x00000000edb18a70,0x00000000edb80000)
  to   space 11264K, 0% used [0x00000000ec580000,0x00000000ec580000,0x00000000ed080000)
 ParOldGen       total 307200K, used 260878K [0x00000000c0000000, 0x00000000d2c00000, 0x00000000eab00000)
  object space 307200K, 84% used [0x00000000c0000000,0x00000000cfec3b38,0x00000000d2c00000)
 Metaspace       used 70034K, committed 71296K, reserved 1114112K
  class space    used 7171K, committed 7744K, reserved 1048576K
}
Event: 17.257 GC heap after
{Heap after GC invocations=120 (full 6):
 PSYoungGen      total 36864K, used 11254K [0x00000000eab00000, 0x00000000ee300000, 0x0000000100000000)
  eden space 25600K, 0% used [0x00000000eab00000,0x00000000eab00000,0x00000000ec400000)
  from space 11264K, 99% used [0x00000000ec580000,0x00000000ed07d940,0x00000000ed080000)
  to   space 15872K, 0% used [0x00000000ed380000,0x00000000ed380000,0x00000000ee300000)
 ParOldGen       total 307200K, used 264354K [0x00000000c0000000, 0x00000000d2c00000, 0x00000000eab00000)
  object space 307200K, 86% used [0x00000000c0000000,0x00000000d0228828,0x00000000d2c00000)
 Metaspace       used 70034K, committed 71296K, reserved 1114112K
  class space    used 7171K, committed 7744K, reserved 1048576K
}
Event: 17.349 GC heap before
{Heap before GC invocations=121 (full 6):
 PSYoungGen      total 36864K, used 36854K [0x00000000eab00000, 0x00000000ee300000, 0x0000000100000000)
  eden space 25600K, 100% used [0x00000000eab00000,0x00000000ec400000,0x00000000ec400000)
  from space 11264K, 99% used [0x00000000ec580000,0x00000000ed07d940,0x00000000ed080000)
  to   space 15872K, 0% used [0x00000000ed380000,0x00000000ed380000,0x00000000ee300000)
 ParOldGen       total 307200K, used 264354K [0x00000000c0000000, 0x00000000d2c00000, 0x00000000eab00000)
  object space 307200K, 86% used [0x00000000c0000000,0x00000000d0228828,0x00000000d2c00000)
 Metaspace       used 70131K, committed 71488K, reserved 1114112K
  class space    used 7182K, committed 7808K, reserved 1048576K
}
Event: 17.359 GC heap after
{Heap after GC invocations=121 (full 6):
 PSYoungGen      total 36352K, used 10445K [0x00000000eab00000, 0x00000000ede00000, 0x0000000100000000)
  eden space 25600K, 0% used [0x00000000eab00000,0x00000000eab00000,0x00000000ec400000)
  from space 10752K, 97% used [0x00000000ed380000,0x00000000eddb3460,0x00000000ede00000)
  to   space 12288K, 0% used [0x00000000ec600000,0x00000000ec600000,0x00000000ed200000)
 ParOldGen       total 307200K, used 271034K [0x00000000c0000000, 0x00000000d2c00000, 0x00000000eab00000)
  object space 307200K, 88% used [0x00000000c0000000,0x00000000d08aeb30,0x00000000d2c00000)
 Metaspace       used 70131K, committed 71488K, reserved 1114112K
  class space    used 7182K, committed 7808K, reserved 1048576K
}
Event: 17.400 GC heap before
{Heap before GC invocations=122 (full 6):
 PSYoungGen      total 36352K, used 36045K [0x00000000eab00000, 0x00000000ede00000, 0x0000000100000000)
  eden space 25600K, 100% used [0x00000000eab00000,0x00000000ec400000,0x00000000ec400000)
  from space 10752K, 97% used [0x00000000ed380000,0x00000000eddb3460,0x00000000ede00000)
  to   space 12288K, 0% used [0x00000000ec600000,0x00000000ec600000,0x00000000ed200000)
 ParOldGen       total 307200K, used 271034K [0x00000000c0000000, 0x00000000d2c00000, 0x00000000eab00000)
  object space 307200K, 88% used [0x00000000c0000000,0x00000000d08aeb30,0x00000000d2c00000)
 Metaspace       used 70213K, committed 71488K, reserved 1114112K
  class space    used 7189K, committed 7808K, reserved 1048576K
}
Event: 17.406 GC heap after
{Heap after GC invocations=122 (full 6):
 PSYoungGen      total 39936K, used 12271K [0x00000000eab00000, 0x00000000eed80000, 0x0000000100000000)
  eden space 27648K, 0% used [0x00000000eab00000,0x00000000eab00000,0x00000000ec600000)
  from space 12288K, 99% used [0x00000000ec600000,0x00000000ed1fbd90,0x00000000ed200000)
  to   space 19968K, 0% used [0x00000000eda00000,0x00000000eda00000,0x00000000eed80000)
 ParOldGen       total 307200K, used 277255K [0x00000000c0000000, 0x00000000d2c00000, 0x00000000eab00000)
  object space 307200K, 90% used [0x00000000c0000000,0x00000000d0ec1c30,0x00000000d2c00000)
 Metaspace       used 70213K, committed 71488K, reserved 1114112K
  class space    used 7189K, committed 7808K, reserved 1048576K
}
Event: 17.447 GC heap before
{Heap before GC invocations=123 (full 6):
 PSYoungGen      total 39936K, used 39863K [0x00000000eab00000, 0x00000000eed80000, 0x0000000100000000)
  eden space 27648K, 99% used [0x00000000eab00000,0x00000000ec5f1ea0,0x00000000ec600000)
  from space 12288K, 99% used [0x00000000ec600000,0x00000000ed1fbd90,0x00000000ed200000)
  to   space 19968K, 0% used [0x00000000eda00000,0x00000000eda00000,0x00000000eed80000)
 ParOldGen       total 307200K, used 277255K [0x00000000c0000000, 0x00000000d2c00000, 0x00000000eab00000)
  object space 307200K, 90% used [0x00000000c0000000,0x00000000d0ec1c30,0x00000000d2c00000)
 Metaspace       used 70416K, committed 71680K, reserved 1114112K
  class space    used 7209K, committed 7808K, reserved 1048576K
}
Event: 17.456 GC heap after
{Heap after GC invocations=123 (full 6):
 PSYoungGen      total 46080K, used 14932K [0x00000000eab00000, 0x00000000ee900000, 0x0000000100000000)
  eden space 30720K, 0% used [0x00000000eab00000,0x00000000eab00000,0x00000000ec900000)
  from space 15360K, 97% used [0x00000000eda00000,0x00000000ee895368,0x00000000ee900000)
  to   space 16384K, 0% used [0x00000000ec900000,0x00000000ec900000,0x00000000ed900000)
 ParOldGen       total 307200K, used 284237K [0x00000000c0000000, 0x00000000d2c00000, 0x00000000eab00000)
  object space 307200K, 92% used [0x00000000c0000000,0x00000000d1593728,0x00000000d2c00000)
 Metaspace       used 70416K, committed 71680K, reserved 1114112K
  class space    used 7209K, committed 7808K, reserved 1048576K
}
Event: 17.487 GC heap before
{Heap before GC invocations=124 (full 6):
 PSYoungGen      total 46080K, used 45652K [0x00000000eab00000, 0x00000000ee900000, 0x0000000100000000)
  eden space 30720K, 100% used [0x00000000eab00000,0x00000000ec900000,0x00000000ec900000)
  from space 15360K, 97% used [0x00000000eda00000,0x00000000ee895368,0x00000000ee900000)
  to   space 16384K, 0% used [0x00000000ec900000,0x00000000ec900000,0x00000000ed900000)
 ParOldGen       total 307200K, used 284237K [0x00000000c0000000, 0x00000000d2c00000, 0x00000000eab00000)
  object space 307200K, 92% used [0x00000000c0000000,0x00000000d1593728,0x00000000d2c00000)
 Metaspace       used 70620K, committed 72000K, reserved 1114112K
  class space    used 7226K, committed 7872K, reserved 1048576K
}
Event: 17.492 GC heap after
{Heap after GC invocations=124 (full 6):
 PSYoungGen      total 47104K, used 16373K [0x00000000eab00000, 0x00000000f0480000, 0x0000000100000000)
  eden space 30720K, 0% used [0x00000000eab00000,0x00000000eab00000,0x00000000ec900000)
  from space 16384K, 99% used [0x00000000ec900000,0x00000000ed8fd730,0x00000000ed900000)
  to   space 28672K, 0% used [0x00000000ee880000,0x00000000ee880000,0x00000000f0480000)
 ParOldGen       total 307200K, used 294082K [0x00000000c0000000, 0x00000000d2c00000, 0x00000000eab00000)
  object space 307200K, 95% used [0x00000000c0000000,0x00000000d1f30a78,0x00000000d2c00000)
 Metaspace       used 70620K, committed 72000K, reserved 1114112K
  class space    used 7226K, committed 7872K, reserved 1048576K
}
Event: 17.794 GC heap before
{Heap before GC invocations=125 (full 6):
 PSYoungGen      total 47104K, used 46783K [0x00000000eab00000, 0x00000000f0480000, 0x0000000100000000)
  eden space 30720K, 98% used [0x00000000eab00000,0x00000000ec8b2738,0x00000000ec900000)
  from space 16384K, 99% used [0x00000000ec900000,0x00000000ed8fd730,0x00000000ed900000)
  to   space 28672K, 0% used [0x00000000ee880000,0x00000000ee880000,0x00000000f0480000)
 ParOldGen       total 307200K, used 294082K [0x00000000c0000000, 0x00000000d2c00000, 0x00000000eab00000)
  object space 307200K, 95% used [0x00000000c0000000,0x00000000d1f30a78,0x00000000d2c00000)
 Metaspace       used 70661K, committed 72000K, reserved 1114112K
  class space    used 7227K, committed 7872K, reserved 1048576K
}
Event: 17.805 GC heap after
{Heap after GC invocations=125 (full 6):
 PSYoungGen      total 44544K, used 10473K [0x00000000eab00000, 0x00000000ef300000, 0x0000000100000000)
  eden space 33792K, 0% used [0x00000000eab00000,0x00000000eab00000,0x00000000ecc00000)
  from space 10752K, 97% used [0x00000000ee880000,0x00000000ef2ba668,0x00000000ef300000)
  to   space 16384K, 0% used [0x00000000ed300000,0x00000000ed300000,0x00000000ee300000)
 ParOldGen       total 310784K, used 310274K [0x00000000c0000000, 0x00000000d2f80000, 0x00000000eab00000)
  object space 310784K, 99% used [0x00000000c0000000,0x00000000d2f00840,0x00000000d2f80000)
 Metaspace       used 70661K, committed 72000K, reserved 1114112K
  class space    used 7227K, committed 7872K, reserved 1048576K
}
Event: 18.104 GC heap before
{Heap before GC invocations=126 (full 7):
 PSYoungGen      total 44544K, used 43821K [0x00000000eab00000, 0x00000000ef300000, 0x0000000100000000)
  eden space 33792K, 98% used [0x00000000eab00000,0x00000000ecb90ff8,0x00000000ecc00000)
  from space 10752K, 97% used [0x00000000ee880000,0x00000000ef2ba668,0x00000000ef300000)
  to   space 16384K, 0% used [0x00000000ed300000,0x00000000ed300000,0x00000000ee300000)
 ParOldGen       total 310784K, used 310274K [0x00000000c0000000, 0x00000000d2f80000, 0x00000000eab00000)
  object space 310784K, 99% used [0x00000000c0000000,0x00000000d2f00840,0x00000000d2f80000)
 Metaspace       used 70661K, committed 72000K, reserved 1114112K
  class space    used 7227K, committed 7872K, reserved 1048576K
}
Event: 18.419 GC heap after
{Heap after GC invocations=126 (full 7):
 PSYoungGen      total 50176K, used 13503K [0x00000000eab00000, 0x00000000eef80000, 0x0000000100000000)
  eden space 33792K, 39% used [0x00000000eab00000,0x00000000eb82fe70,0x00000000ecc00000)
  from space 16384K, 0% used [0x00000000ed300000,0x00000000ed300000,0x00000000ee300000)
  to   space 7168K, 0% used [0x00000000ee880000,0x00000000ee880000,0x00000000eef80000)
 ParOldGen       total 471552K, used 310396K [0x00000000c0000000, 0x00000000dcc80000, 0x00000000eab00000)
  object space 471552K, 65% used [0x00000000c0000000,0x00000000d2f1f2a0,0x00000000dcc80000)
 Metaspace       used 70651K, committed 72000K, reserved 1114112K
  class space    used 7224K, committed 7872K, reserved 1048576K
}
Event: 18.581 GC heap before
{Heap before GC invocations=127 (full 7):
 PSYoungGen      total 50176K, used 33792K [0x00000000eab00000, 0x00000000eef80000, 0x0000000100000000)
  eden space 33792K, 100% used [0x00000000eab00000,0x00000000ecc00000,0x00000000ecc00000)
  from space 16384K, 0% used [0x00000000ed300000,0x00000000ed300000,0x00000000ee300000)
  to   space 7168K, 0% used [0x00000000ee880000,0x00000000ee880000,0x00000000eef80000)
 ParOldGen       total 471552K, used 310396K [0x00000000c0000000, 0x00000000dcc80000, 0x00000000eab00000)
  object space 471552K, 65% used [0x00000000c0000000,0x00000000d2f1f2a0,0x00000000dcc80000)
 Metaspace       used 70651K, committed 72000K, reserved 1114112K
  class space    used 7224K, committed 7872K, reserved 1048576K
}
Event: 18.610 GC heap after
{Heap after GC invocations=127 (full 7):
 PSYoungGen      total 40960K, used 7159K [0x00000000eab00000, 0x00000000f0500000, 0x0000000100000000)
  eden space 33792K, 0% used [0x00000000eab00000,0x00000000eab00000,0x00000000ecc00000)
  from space 7168K, 99% used [0x00000000ee880000,0x00000000eef7dc00,0x00000000eef80000)
  to   space 29184K, 0% used [0x00000000ecc00000,0x00000000ecc00000,0x00000000ee880000)
 ParOldGen       total 471552K, used 329430K [0x00000000c0000000, 0x00000000dcc80000, 0x00000000eab00000)
  object space 471552K, 69% used [0x00000000c0000000,0x00000000d41b5b18,0x00000000dcc80000)
 Metaspace       used 70651K, committed 72000K, reserved 1114112K
  class space    used 7224K, committed 7872K, reserved 1048576K
}
Event: 18.957 GC heap before
{Heap before GC invocations=128 (full 7):
 PSYoungGen      total 40960K, used 40951K [0x00000000eab00000, 0x00000000f0500000, 0x0000000100000000)
  eden space 33792K, 100% used [0x00000000eab00000,0x00000000ecc00000,0x00000000ecc00000)
  from space 7168K, 99% used [0x00000000ee880000,0x00000000eef7dc00,0x00000000eef80000)
  to   space 29184K, 0% used [0x00000000ecc00000,0x00000000ecc00000,0x00000000ee880000)
 ParOldGen       total 471552K, used 329430K [0x00000000c0000000, 0x00000000dcc80000, 0x00000000eab00000)
  object space 471552K, 69% used [0x00000000c0000000,0x00000000d41b5b18,0x00000000dcc80000)
 Metaspace       used 70677K, committed 72000K, reserved 1114112K
  class space    used 7224K, committed 7872K, reserved 1048576K
}
Event: 18.979 GC heap after
{Heap after GC invocations=128 (full 7):
 PSYoungGen      total 49152K, used 15088K [0x00000000eab00000, 0x00000000ef200000, 0x0000000100000000)
  eden space 33792K, 0% used [0x00000000eab00000,0x00000000eab00000,0x00000000ecc00000)
  from space 15360K, 98% used [0x00000000ecc00000,0x00000000edabc358,0x00000000edb00000)
  to   space 19456K, 0% used [0x00000000edf00000,0x00000000edf00000,0x00000000ef200000)
 ParOldGen       total 471552K, used 336268K [0x00000000c0000000, 0x00000000dcc80000, 0x00000000eab00000)
  object space 471552K, 71% used [0x00000000c0000000,0x00000000d48630a8,0x00000000dcc80000)
 Metaspace       used 70677K, committed 72000K, reserved 1114112K
  class space    used 7224K, committed 7872K, reserved 1048576K
}
Event: 19.548 GC heap before
{Heap before GC invocations=129 (full 7):
 PSYoungGen      total 49152K, used 48880K [0x00000000eab00000, 0x00000000ef200000, 0x0000000100000000)
  eden space 33792K, 100% used [0x00000000eab00000,0x00000000ecc00000,0x00000000ecc00000)
  from space 15360K, 98% used [0x00000000ecc00000,0x00000000edabc358,0x00000000edb00000)
  to   space 19456K, 0% used [0x00000000edf00000,0x00000000edf00000,0x00000000ef200000)
 ParOldGen       total 471552K, used 336268K [0x00000000c0000000, 0x00000000dcc80000, 0x00000000eab00000)
  object space 471552K, 71% used [0x00000000c0000000,0x00000000d48630a8,0x00000000dcc80000)
 Metaspace       used 70704K, committed 72000K, reserved 1114112K
  class space    used 7226K, committed 7872K, reserved 1048576K
}
Event: 19.564 GC heap after
{Heap after GC invocations=129 (full 7):
 PSYoungGen      total 53248K, used 18494K [0x00000000eab00000, 0x00000000ef200000, 0x0000000100000000)
  eden space 33792K, 0% used [0x00000000eab00000,0x00000000eab00000,0x00000000ecc00000)
  from space 19456K, 95% used [0x00000000edf00000,0x00000000ef10fb58,0x00000000ef200000)
  to   space 19456K, 0% used [0x00000000ecc00000,0x00000000ecc00000,0x00000000edf00000)
 ParOldGen       total 471552K, used 336276K [0x00000000c0000000, 0x00000000dcc80000, 0x00000000eab00000)
  object space 471552K, 71% used [0x00000000c0000000,0x00000000d48650a8,0x00000000dcc80000)
 Metaspace       used 70704K, committed 72000K, reserved 1114112K
  class space    used 7226K, committed 7872K, reserved 1048576K
}

