# JRE version: OpenJDK Runtime Environment Temurin-17.0.13+11 (17.0.13+11) (build 17.0.13+11)
# Java VM: OpenJDK 64-Bit Server VM Temurin-17.0.13+11 (17.0.13+11, mixed mode, tiered, compressed oops, compressed class ptrs, parallel gc, windows-amd64)
GC Precious Log:
 CPUs: 20 total, 20 available
 Memory: 16051M
 Large Page Support: Disabled
 NUMA Support: Disabled
 Compressed Oops: Enabled (32-bit)
 Alignments: Space 512K, Generation 512K, Heap 2M
 Heap Min Capacity: 100M
 Heap Initial Capacity: 100M
 Heap Max Capacity: 1G
 Pre-touch: Disabled
 Parallel Workers: 15
Heap:
 PSYoungGen      total 21504K, used 6964K [0x00000000eab00000, 0x00000000ec700000, 0x0000000100000000)
  eden space 18944K, 23% used [0x00000000eab00000,0x00000000eaf54da8,0x00000000ebd80000)
  from space 2560K, 98% used [0x00000000ec180000,0x00000000ec3f8540,0x00000000ec400000)
  to   space 4096K, 0% used [0x00000000ebd80000,0x00000000ebd80000,0x00000000ec180000)
 ParOldGen       total 68608K, used 28735K [0x00000000c0000000, 0x00000000c4300000, 0x00000000eab00000)
  object space 68608K, 41% used [0x00000000c0000000,0x00000000c1c0fc08,0x00000000c4300000)
 Metaspace       used 51853K, committed 52992K, reserved 1114112K
  class space    used 5428K, committed 5952K, reserved 1048576K
GC Heap History (20 events):
Event: 3.600 GC heap before
{Heap before GC invocations=13 (full 2):
 PSYoungGen      total 26112K, used 23551K [0x00000000eab00000, 0x00000000ec880000, 0x0000000100000000)
  eden space 23552K, 99% used [0x00000000eab00000,0x00000000ec1fffe8,0x00000000ec200000)
  from space 2560K, 0% used [0x00000000ec600000,0x00000000ec600000,0x00000000ec880000)
  to   space 2560K, 0% used [0x00000000ec380000,0x00000000ec380000,0x00000000ec600000)
 ParOldGen       total 68608K, used 14925K [0x00000000c0000000, 0x00000000c4300000, 0x00000000eab00000)
  object space 68608K, 21% used [0x00000000c0000000,0x00000000c0e934f0,0x00000000c4300000)
 Metaspace       used 38387K, committed 39296K, reserved 1114112K
  class space    used 3798K, committed 4160K, reserved 1048576K
}
Event: 3.602 GC heap after
{Heap after GC invocations=13 (full 2):
 PSYoungGen      total 25088K, used 1564K [0x00000000eab00000, 0x00000000ec680000, 0x0000000100000000)
  eden space 23040K, 0% used [0x00000000eab00000,0x00000000eab00000,0x00000000ec180000)
  from space 2048K, 76% used [0x00000000ec380000,0x00000000ec507028,0x00000000ec580000)
  to   space 1024K, 0% used [0x00000000ec580000,0x00000000ec580000,0x00000000ec680000)
 ParOldGen       total 68608K, used 14933K [0x00000000c0000000, 0x00000000c4300000, 0x00000000eab00000)
  object space 68608K, 21% used [0x00000000c0000000,0x00000000c0e954f0,0x00000000c4300000)
 Metaspace       used 38387K, committed 39296K, reserved 1114112K
  class space    used 3798K, committed 4160K, reserved 1048576K
}
Event: 3.831 GC heap before
{Heap before GC invocations=14 (full 2):
 PSYoungGen      total 25088K, used 24604K [0x00000000eab00000, 0x00000000ec680000, 0x0000000100000000)
  eden space 23040K, 100% used [0x00000000eab00000,0x00000000ec180000,0x00000000ec180000)
  from space 2048K, 76% used [0x00000000ec380000,0x00000000ec507028,0x00000000ec580000)
  to   space 1024K, 0% used [0x00000000ec580000,0x00000000ec580000,0x00000000ec680000)
 ParOldGen       total 68608K, used 14933K [0x00000000c0000000, 0x00000000c4300000, 0x00000000eab00000)
  object space 68608K, 21% used [0x00000000c0000000,0x00000000c0e954f0,0x00000000c4300000)
 Metaspace       used 40845K, committed 41792K, reserved 1114112K
  class space    used 4116K, committed 4544K, reserved 1048576K
}
Event: 3.833 GC heap after
{Heap after GC invocations=14 (full 2):
 PSYoungGen      total 23552K, used 1010K [0x00000000eab00000, 0x00000000ec700000, 0x0000000100000000)
  eden space 22528K, 0% used [0x00000000eab00000,0x00000000eab00000,0x00000000ec100000)
  from space 1024K, 98% used [0x00000000ec580000,0x00000000ec67c928,0x00000000ec680000)
  to   space 3072K, 0% used [0x00000000ec100000,0x00000000ec100000,0x00000000ec400000)
 ParOldGen       total 68608K, used 16456K [0x00000000c0000000, 0x00000000c4300000, 0x00000000eab00000)
  object space 68608K, 23% used [0x00000000c0000000,0x00000000c1012038,0x00000000c4300000)
 Metaspace       used 40845K, committed 41792K, reserved 1114112K
  class space    used 4116K, committed 4544K, reserved 1048576K
}
Event: 4.041 GC heap before
{Heap before GC invocations=15 (full 2):
 PSYoungGen      total 23552K, used 23538K [0x00000000eab00000, 0x00000000ec700000, 0x0000000100000000)
  eden space 22528K, 100% used [0x00000000eab00000,0x00000000ec100000,0x00000000ec100000)
  from space 1024K, 98% used [0x00000000ec580000,0x00000000ec67c928,0x00000000ec680000)
  to   space 3072K, 0% used [0x00000000ec100000,0x00000000ec100000,0x00000000ec400000)
 ParOldGen       total 68608K, used 16456K [0x00000000c0000000, 0x00000000c4300000, 0x00000000eab00000)
  object space 68608K, 23% used [0x00000000c0000000,0x00000000c1012038,0x00000000c4300000)
 Metaspace       used 43451K, committed 44352K, reserved 1114112K
  class space    used 4448K, committed 4864K, reserved 1048576K
}
Event: 4.043 GC heap after
{Heap after GC invocations=15 (full 2):
 PSYoungGen      total 25088K, used 1773K [0x00000000eab00000, 0x00000000ec600000, 0x0000000100000000)
  eden space 22016K, 0% used [0x00000000eab00000,0x00000000eab00000,0x00000000ec080000)
  from space 3072K, 57% used [0x00000000ec100000,0x00000000ec2bb510,0x00000000ec400000)
  to   space 2048K, 0% used [0x00000000ec400000,0x00000000ec400000,0x00000000ec600000)
 ParOldGen       total 68608K, used 17325K [0x00000000c0000000, 0x00000000c4300000, 0x00000000eab00000)
  object space 68608K, 25% used [0x00000000c0000000,0x00000000c10eb4b0,0x00000000c4300000)
 Metaspace       used 43451K, committed 44352K, reserved 1114112K
  class space    used 4448K, committed 4864K, reserved 1048576K
}
Event: 4.307 GC heap before
{Heap before GC invocations=16 (full 2):
 PSYoungGen      total 25088K, used 23789K [0x00000000eab00000, 0x00000000ec600000, 0x0000000100000000)
  eden space 22016K, 100% used [0x00000000eab00000,0x00000000ec080000,0x00000000ec080000)
  from space 3072K, 57% used [0x00000000ec100000,0x00000000ec2bb510,0x00000000ec400000)
  to   space 2048K, 0% used [0x00000000ec400000,0x00000000ec400000,0x00000000ec600000)
 ParOldGen       total 68608K, used 17325K [0x00000000c0000000, 0x00000000c4300000, 0x00000000eab00000)
  object space 68608K, 25% used [0x00000000c0000000,0x00000000c10eb4b0,0x00000000c4300000)
 Metaspace       used 44900K, committed 45888K, reserved 1114112K
  class space    used 4610K, committed 5056K, reserved 1048576K
}
Event: 4.310 GC heap after
{Heap after GC invocations=16 (full 2):
 PSYoungGen      total 24064K, used 1552K [0x00000000eab00000, 0x00000000ec600000, 0x0000000100000000)
  eden space 22016K, 0% used [0x00000000eab00000,0x00000000eab00000,0x00000000ec080000)
  from space 2048K, 75% used [0x00000000ec400000,0x00000000ec584060,0x00000000ec600000)
  to   space 2048K, 0% used [0x00000000ec200000,0x00000000ec200000,0x00000000ec400000)
 ParOldGen       total 68608K, used 18784K [0x00000000c0000000, 0x00000000c4300000, 0x00000000eab00000)
  object space 68608K, 27% used [0x00000000c0000000,0x00000000c1258008,0x00000000c4300000)
 Metaspace       used 44900K, committed 45888K, reserved 1114112K
  class space    used 4610K, committed 5056K, reserved 1048576K
}
Event: 4.476 GC heap before
{Heap before GC invocations=17 (full 2):
 PSYoungGen      total 24064K, used 23568K [0x00000000eab00000, 0x00000000ec600000, 0x0000000100000000)
  eden space 22016K, 100% used [0x00000000eab00000,0x00000000ec080000,0x00000000ec080000)
  from space 2048K, 75% used [0x00000000ec400000,0x00000000ec584060,0x00000000ec600000)
  to   space 2048K, 0% used [0x00000000ec200000,0x00000000ec200000,0x00000000ec400000)
 ParOldGen       total 68608K, used 18784K [0x00000000c0000000, 0x00000000c4300000, 0x00000000eab00000)
  object space 68608K, 27% used [0x00000000c0000000,0x00000000c1258008,0x00000000c4300000)
 Metaspace       used 45650K, committed 46656K, reserved 1114112K
  class space    used 4715K, committed 5184K, reserved 1048576K
}
Event: 4.479 GC heap after
{Heap after GC invocations=17 (full 2):
 PSYoungGen      total 24064K, used 2020K [0x00000000eab00000, 0x00000000ec780000, 0x0000000100000000)
  eden space 22016K, 0% used [0x00000000eab00000,0x00000000eab00000,0x00000000ec080000)
  from space 2048K, 98% used [0x00000000ec200000,0x00000000ec3f90e0,0x00000000ec400000)
  to   space 3584K, 0% used [0x00000000ec400000,0x00000000ec400000,0x00000000ec780000)
 ParOldGen       total 68608K, used 20036K [0x00000000c0000000, 0x00000000c4300000, 0x00000000eab00000)
  object space 68608K, 29% used [0x00000000c0000000,0x00000000c13913c0,0x00000000c4300000)
 Metaspace       used 45650K, committed 46656K, reserved 1114112K
  class space    used 4715K, committed 5184K, reserved 1048576K
}
Event: 4.654 GC heap before
{Heap before GC invocations=18 (full 2):
 PSYoungGen      total 24064K, used 24036K [0x00000000eab00000, 0x00000000ec780000, 0x0000000100000000)
  eden space 22016K, 100% used [0x00000000eab00000,0x00000000ec080000,0x00000000ec080000)
  from space 2048K, 98% used [0x00000000ec200000,0x00000000ec3f90e0,0x00000000ec400000)
  to   space 3584K, 0% used [0x00000000ec400000,0x00000000ec400000,0x00000000ec780000)
 ParOldGen       total 68608K, used 20036K [0x00000000c0000000, 0x00000000c4300000, 0x00000000eab00000)
  object space 68608K, 29% used [0x00000000c0000000,0x00000000c13913c0,0x00000000c4300000)
 Metaspace       used 46580K, committed 47616K, reserved 1114112K
  class space    used 4822K, committed 5312K, reserved 1048576K
}
Event: 4.657 GC heap after
{Heap after GC invocations=18 (full 2):
 PSYoungGen      total 25088K, used 2902K [0x00000000eab00000, 0x00000000ec700000, 0x0000000100000000)
  eden space 22016K, 0% used [0x00000000eab00000,0x00000000eab00000,0x00000000ec080000)
  from space 3072K, 94% used [0x00000000ec400000,0x00000000ec6d58f0,0x00000000ec700000)
  to   space 3072K, 0% used [0x00000000ec100000,0x00000000ec100000,0x00000000ec400000)
 ParOldGen       total 68608K, used 21602K [0x00000000c0000000, 0x00000000c4300000, 0x00000000eab00000)
  object space 68608K, 31% used [0x00000000c0000000,0x00000000c15188c0,0x00000000c4300000)
 Metaspace       used 46580K, committed 47616K, reserved 1114112K
  class space    used 4822K, committed 5312K, reserved 1048576K
}
Event: 4.849 GC heap before
{Heap before GC invocations=19 (full 2):
 PSYoungGen      total 25088K, used 24918K [0x00000000eab00000, 0x00000000ec700000, 0x0000000100000000)
  eden space 22016K, 100% used [0x00000000eab00000,0x00000000ec080000,0x00000000ec080000)
  from space 3072K, 94% used [0x00000000ec400000,0x00000000ec6d58f0,0x00000000ec700000)
  to   space 3072K, 0% used [0x00000000ec100000,0x00000000ec100000,0x00000000ec400000)
 ParOldGen       total 68608K, used 21602K [0x00000000c0000000, 0x00000000c4300000, 0x00000000eab00000)
  object space 68608K, 31% used [0x00000000c0000000,0x00000000c15188c0,0x00000000c4300000)
 Metaspace       used 47214K, committed 48320K, reserved 1114112K
  class space    used 4907K, committed 5440K, reserved 1048576K
}
Event: 4.853 GC heap after
{Heap after GC invocations=19 (full 2):
 PSYoungGen      total 24576K, used 2308K [0x00000000eab00000, 0x00000000ec580000, 0x0000000100000000)
  eden space 22016K, 0% used [0x00000000eab00000,0x00000000eab00000,0x00000000ec080000)
  from space 2560K, 90% used [0x00000000ec100000,0x00000000ec3413e0,0x00000000ec380000)
  to   space 2048K, 0% used [0x00000000ec380000,0x00000000ec380000,0x00000000ec580000)
 ParOldGen       total 68608K, used 24141K [0x00000000c0000000, 0x00000000c4300000, 0x00000000eab00000)
  object space 68608K, 35% used [0x00000000c0000000,0x00000000c17936e8,0x00000000c4300000)
 Metaspace       used 47214K, committed 48320K, reserved 1114112K
  class space    used 4907K, committed 5440K, reserved 1048576K
}
Event: 5.437 GC heap before
{Heap before GC invocations=20 (full 2):
 PSYoungGen      total 24576K, used 24323K [0x00000000eab00000, 0x00000000ec580000, 0x0000000100000000)
  eden space 22016K, 99% used [0x00000000eab00000,0x00000000ec07f8e0,0x00000000ec080000)
  from space 2560K, 90% used [0x00000000ec100000,0x00000000ec3413e0,0x00000000ec380000)
  to   space 2048K, 0% used [0x00000000ec380000,0x00000000ec380000,0x00000000ec580000)
 ParOldGen       total 68608K, used 24141K [0x00000000c0000000, 0x00000000c4300000, 0x00000000eab00000)
  object space 68608K, 35% used [0x00000000c0000000,0x00000000c17936e8,0x00000000c4300000)
 Metaspace       used 48800K, committed 49920K, reserved 1114112K
  class space    used 5084K, committed 5632K, reserved 1048576K
}
Event: 5.440 GC heap after
{Heap after GC invocations=20 (full 2):
 PSYoungGen      total 22528K, used 2029K [0x00000000eab00000, 0x00000000ec980000, 0x0000000100000000)
  eden space 20480K, 0% used [0x00000000eab00000,0x00000000eab00000,0x00000000ebf00000)
  from space 2048K, 99% used [0x00000000ec380000,0x00000000ec57b510,0x00000000ec580000)
  to   space 4608K, 0% used [0x00000000ebf00000,0x00000000ebf00000,0x00000000ec380000)
 ParOldGen       total 68608K, used 26131K [0x00000000c0000000, 0x00000000c4300000, 0x00000000eab00000)
  object space 68608K, 38% used [0x00000000c0000000,0x00000000c1984c10,0x00000000c4300000)
 Metaspace       used 48800K, committed 49920K, reserved 1114112K
  class space    used 5084K, committed 5632K, reserved 1048576K
}
Event: 5.925 GC heap before
{Heap before GC invocations=21 (full 2):
 PSYoungGen      total 22528K, used 22505K [0x00000000eab00000, 0x00000000ec980000, 0x0000000100000000)
  eden space 20480K, 99% used [0x00000000eab00000,0x00000000ebefeef0,0x00000000ebf00000)
  from space 2048K, 99% used [0x00000000ec380000,0x00000000ec57b510,0x00000000ec580000)
  to   space 4608K, 0% used [0x00000000ebf00000,0x00000000ebf00000,0x00000000ec380000)
 ParOldGen       total 68608K, used 26131K [0x00000000c0000000, 0x00000000c4300000, 0x00000000eab00000)
  object space 68608K, 38% used [0x00000000c0000000,0x00000000c1984c10,0x00000000c4300000)
 Metaspace       used 50347K, committed 51456K, reserved 1114112K
  class space    used 5255K, committed 5760K, reserved 1048576K
}
Event: 5.928 GC heap after
{Heap after GC invocations=21 (full 2):
 PSYoungGen      total 22016K, used 1177K [0x00000000eab00000, 0x00000000ec400000, 0x0000000100000000)
  eden space 20480K, 0% used [0x00000000eab00000,0x00000000eab00000,0x00000000ebf00000)
  from space 1536K, 76% used [0x00000000ebf00000,0x00000000ec0264c0,0x00000000ec080000)
  to   space 2560K, 0% used [0x00000000ec180000,0x00000000ec180000,0x00000000ec400000)
 ParOldGen       total 68608K, used 27853K [0x00000000c0000000, 0x00000000c4300000, 0x00000000eab00000)
  object space 68608K, 40% used [0x00000000c0000000,0x00000000c1b33480,0x00000000c4300000)
 Metaspace       used 50347K, committed 51456K, reserved 1114112K
  class space    used 5255K, committed 5760K, reserved 1048576K
}
Event: 6.117 GC heap before
{Heap before GC invocations=22 (full 2):
 PSYoungGen      total 22016K, used 21657K [0x00000000eab00000, 0x00000000ec400000, 0x0000000100000000)
  eden space 20480K, 100% used [0x00000000eab00000,0x00000000ebf00000,0x00000000ebf00000)
  from space 1536K, 76% used [0x00000000ebf00000,0x00000000ec0264c0,0x00000000ec080000)
  to   space 2560K, 0% used [0x00000000ec180000,0x00000000ec180000,0x00000000ec400000)
 ParOldGen       total 68608K, used 27853K [0x00000000c0000000, 0x00000000c4300000, 0x00000000eab00000)
  object space 68608K, 40% used [0x00000000c0000000,0x00000000c1b33480,0x00000000c4300000)
 Metaspace       used 51595K, committed 52736K, reserved 1114112K
  class space    used 5401K, committed 5888K, reserved 1048576K
}
Event: 6.120 GC heap after
{Heap after GC invocations=22 (full 2):
 PSYoungGen      total 21504K, used 2529K [0x00000000eab00000, 0x00000000ec700000, 0x0000000100000000)
  eden space 18944K, 0% used [0x00000000eab00000,0x00000000eab00000,0x00000000ebd80000)
  from space 2560K, 98% used [0x00000000ec180000,0x00000000ec3f8540,0x00000000ec400000)
  to   space 4096K, 0% used [0x00000000ebd80000,0x00000000ebd80000,0x00000000ec180000)
 ParOldGen       total 68608K, used 28735K [0x00000000c0000000, 0x00000000c4300000, 0x00000000eab00000)
  object space 68608K, 41% used [0x00000000c0000000,0x00000000c1c0fc08,0x00000000c4300000)
 Metaspace       used 51595K, committed 52736K, reserved 1114112K
  class space    used 5401K, committed 5888K, reserved 1048576K
}

